<?xml version="1.0" encoding="UTF-8"?>
<testsuite xmlns:xsi="http://www.w3.org/2001/XMLSchema-instance" xsi:noNamespaceSchemaLocation="https://maven.apache.org/surefire/maven-surefire-plugin/xsd/surefire-test-report.xsd" name="com.cos.photogramstart.PhotogramStartApplicationTests" time="2.106" tests="1" errors="0" skipped="0" failures="0">
  <properties>
    <property name="java.specification.version" value="20"/>
    <property name="sun.jnu.encoding" value="UTF-8"/>
    <property name="java.class.path" value="/Users/yoon/spring-workspace/photogram_sy/servertry_gram/target/test-classes:/Users/yoon/spring-workspace/photogram_sy/servertry_gram/target/classes:/Users/yoon/.m2/repository/org/qlrm/qlrm/2.1.1/qlrm-2.1.1.jar:/Users/yoon/.m2/repository/org/apache/logging/log4j/log4j-api/2.13.3/log4j-api-2.13.3.jar:/Users/yoon/.m2/repository/org/apache/logging/log4j/log4j-core/2.13.3/log4j-core-2.13.3.jar:/Users/yoon/.m2/repository/org/springframework/security/spring-security-taglibs/5.4.6/spring-security-taglibs-5.4.6.jar:/Users/yoon/.m2/repository/org/springframework/security/spring-security-acl/5.4.6/spring-security-acl-5.4.6.jar:/Users/yoon/.m2/repository/org/springframework/spring-jdbc/5.3.6/spring-jdbc-5.3.6.jar:/Users/yoon/.m2/repository/org/springframework/spring-tx/5.3.6/spring-tx-5.3.6.jar:/Users/yoon/.m2/repository/org/springframework/security/spring-security-core/5.4.6/spring-security-core-5.4.6.jar:/Users/yoon/.m2/repository/org/springframework/security/spring-security-web/5.4.6/spring-security-web-5.4.6.jar:/Users/yoon/.m2/repository/org/springframework/spring-aop/5.3.6/spring-aop-5.3.6.jar:/Users/yoon/.m2/repository/org/springframework/spring-beans/5.3.6/spring-beans-5.3.6.jar:/Users/yoon/.m2/repository/org/springframework/spring-context/5.3.6/spring-context-5.3.6.jar:/Users/yoon/.m2/repository/org/springframework/spring-core/5.3.6/spring-core-5.3.6.jar:/Users/yoon/.m2/repository/org/springframework/spring-jcl/5.3.6/spring-jcl-5.3.6.jar:/Users/yoon/.m2/repository/org/springframework/spring-expression/5.3.6/spring-expression-5.3.6.jar:/Users/yoon/.m2/repository/org/springframework/spring-web/5.3.6/spring-web-5.3.6.jar:/Users/yoon/.m2/repository/org/apache/tomcat/tomcat-jasper/9.0.43/tomcat-jasper-9.0.43.jar:/Users/yoon/.m2/repository/org/apache/tomcat/tomcat-servlet-api/9.0.43/tomcat-servlet-api-9.0.43.jar:/Users/yoon/.m2/repository/org/apache/tomcat/tomcat-juli/9.0.43/tomcat-juli-9.0.43.jar:/Users/yoon/.m2/repository/org/apache/tomcat/tomcat-jsp-api/9.0.45/tomcat-jsp-api-9.0.45.jar:/Users/yoon/.m2/repository/org/apache/tomcat/tomcat-el-api/9.0.43/tomcat-el-api-9.0.43.jar:/Users/yoon/.m2/repository/org/eclipse/jdt/ecj/3.24.0/ecj-3.24.0.jar:/Users/yoon/.m2/repository/org/apache/tomcat/tomcat-jasper-el/9.0.43/tomcat-jasper-el-9.0.43.jar:/Users/yoon/.m2/repository/org/apache/tomcat/tomcat-api/9.0.43/tomcat-api-9.0.43.jar:/Users/yoon/.m2/repository/org/apache/tomcat/tomcat-util-scan/9.0.43/tomcat-util-scan-9.0.43.jar:/Users/yoon/.m2/repository/org/apache/tomcat/tomcat-util/9.0.43/tomcat-util-9.0.43.jar:/Users/yoon/.m2/repository/javax/servlet/jstl/1.2/jstl-1.2.jar:/Users/yoon/.m2/repository/org/springframework/boot/spring-boot-starter-data-jpa/2.4.5/spring-boot-starter-data-jpa-2.4.5.jar:/Users/yoon/.m2/repository/org/springframework/boot/spring-boot-starter-aop/2.4.5/spring-boot-starter-aop-2.4.5.jar:/Users/yoon/.m2/repository/org/aspectj/aspectjweaver/1.9.6/aspectjweaver-1.9.6.jar:/Users/yoon/.m2/repository/org/springframework/boot/spring-boot-starter-jdbc/2.4.5/spring-boot-starter-jdbc-2.4.5.jar:/Users/yoon/.m2/repository/com/zaxxer/HikariCP/3.4.5/HikariCP-3.4.5.jar:/Users/yoon/.m2/repository/jakarta/transaction/jakarta.transaction-api/1.3.3/jakarta.transaction-api-1.3.3.jar:/Users/yoon/.m2/repository/jakarta/persistence/jakarta.persistence-api/2.2.3/jakarta.persistence-api-2.2.3.jar:/Users/yoon/.m2/repository/org/hibernate/hibernate-core/5.4.30.Final/hibernate-core-5.4.30.Final.jar:/Users/yoon/.m2/repository/org/jboss/logging/jboss-logging/3.4.1.Final/jboss-logging-3.4.1.Final.jar:/Users/yoon/.m2/repository/org/javassist/javassist/3.27.0-GA/javassist-3.27.0-GA.jar:/Users/yoon/.m2/repository/net/bytebuddy/byte-buddy/1.10.22/byte-buddy-1.10.22.jar:/Users/yoon/.m2/repository/antlr/antlr/2.7.7/antlr-2.7.7.jar:/Users/yoon/.m2/repository/org/jboss/jandex/2.2.3.Final/jandex-2.2.3.Final.jar:/Users/yoon/.m2/repository/com/fasterxml/classmate/1.5.1/classmate-1.5.1.jar:/Users/yoon/.m2/repository/org/dom4j/dom4j/2.1.3/dom4j-2.1.3.jar:/Users/yoon/.m2/repository/org/hibernate/common/hibernate-commons-annotations/5.1.2.Final/hibernate-commons-annotations-5.1.2.Final.jar:/Users/yoon/.m2/repository/org/glassfish/jaxb/jaxb-runtime/2.3.4/jaxb-runtime-2.3.4.jar:/Users/yoon/.m2/repository/org/glassfish/jaxb/txw2/2.3.4/txw2-2.3.4.jar:/Users/yoon/.m2/repository/com/sun/istack/istack-commons-runtime/3.0.12/istack-commons-runtime-3.0.12.jar:/Users/yoon/.m2/repository/org/springframework/data/spring-data-jpa/2.4.8/spring-data-jpa-2.4.8.jar:/Users/yoon/.m2/repository/org/springframework/data/spring-data-commons/2.4.8/spring-data-commons-2.4.8.jar:/Users/yoon/.m2/repository/org/springframework/spring-orm/5.3.6/spring-orm-5.3.6.jar:/Users/yoon/.m2/repository/org/springframework/spring-aspects/5.3.6/spring-aspects-5.3.6.jar:/Users/yoon/.m2/repository/org/springframework/boot/spring-boot-starter-oauth2-client/2.4.5/spring-boot-starter-oauth2-client-2.4.5.jar:/Users/yoon/.m2/repository/org/springframework/boot/spring-boot-starter/2.4.5/spring-boot-starter-2.4.5.jar:/Users/yoon/.m2/repository/org/springframework/boot/spring-boot-starter-logging/2.4.5/spring-boot-starter-logging-2.4.5.jar:/Users/yoon/.m2/repository/ch/qos/logback/logback-classic/1.2.3/logback-classic-1.2.3.jar:/Users/yoon/.m2/repository/ch/qos/logback/logback-core/1.2.3/logback-core-1.2.3.jar:/Users/yoon/.m2/repository/org/apache/logging/log4j/log4j-to-slf4j/2.13.3/log4j-to-slf4j-2.13.3.jar:/Users/yoon/.m2/repository/org/slf4j/jul-to-slf4j/1.7.30/jul-to-slf4j-1.7.30.jar:/Users/yoon/.m2/repository/jakarta/annotation/jakarta.annotation-api/1.3.5/jakarta.annotation-api-1.3.5.jar:/Users/yoon/.m2/repository/org/yaml/snakeyaml/1.27/snakeyaml-1.27.jar:/Users/yoon/.m2/repository/com/sun/mail/jakarta.mail/1.6.7/jakarta.mail-1.6.7.jar:/Users/yoon/.m2/repository/com/sun/activation/jakarta.activation/1.2.2/jakarta.activation-1.2.2.jar:/Users/yoon/.m2/repository/org/springframework/security/spring-security-config/5.4.6/spring-security-config-5.4.6.jar:/Users/yoon/.m2/repository/org/springframework/security/spring-security-oauth2-client/5.4.6/spring-security-oauth2-client-5.4.6.jar:/Users/yoon/.m2/repository/com/nimbusds/oauth2-oidc-sdk/8.36.1/oauth2-oidc-sdk-8.36.1.jar:/Users/yoon/.m2/repository/com/github/stephenc/jcip/jcip-annotations/1.0-1/jcip-annotations-1.0-1.jar:/Users/yoon/.m2/repository/com/nimbusds/content-type/2.1/content-type-2.1.jar:/Users/yoon/.m2/repository/com/nimbusds/lang-tag/1.4.4/lang-tag-1.4.4.jar:/Users/yoon/.m2/repository/org/springframework/security/spring-security-oauth2-core/5.4.6/spring-security-oauth2-core-5.4.6.jar:/Users/yoon/.m2/repository/org/springframework/security/spring-security-oauth2-jose/5.4.6/spring-security-oauth2-jose-5.4.6.jar:/Users/yoon/.m2/repository/com/nimbusds/nimbus-jose-jwt/8.20.2/nimbus-jose-jwt-8.20.2.jar:/Users/yoon/.m2/repository/org/springframework/boot/spring-boot-starter-security/2.4.5/spring-boot-starter-security-2.4.5.jar:/Users/yoon/.m2/repository/org/springframework/boot/spring-boot-starter-web/2.4.5/spring-boot-starter-web-2.4.5.jar:/Users/yoon/.m2/repository/org/springframework/boot/spring-boot-starter-json/2.4.5/spring-boot-starter-json-2.4.5.jar:/Users/yoon/.m2/repository/com/fasterxml/jackson/core/jackson-databind/2.11.4/jackson-databind-2.11.4.jar:/Users/yoon/.m2/repository/com/fasterxml/jackson/core/jackson-annotations/2.11.4/jackson-annotations-2.11.4.jar:/Users/yoon/.m2/repository/com/fasterxml/jackson/datatype/jackson-datatype-jdk8/2.11.4/jackson-datatype-jdk8-2.11.4.jar:/Users/yoon/.m2/repository/com/fasterxml/jackson/datatype/jackson-datatype-jsr310/2.11.4/jackson-datatype-jsr310-2.11.4.jar:/Users/yoon/.m2/repository/com/fasterxml/jackson/module/jackson-module-parameter-names/2.11.4/jackson-module-parameter-names-2.11.4.jar:/Users/yoon/.m2/repository/org/springframework/boot/spring-boot-starter-tomcat/2.4.5/spring-boot-starter-tomcat-2.4.5.jar:/Users/yoon/.m2/repository/org/apache/tomcat/embed/tomcat-embed-core/9.0.45/tomcat-embed-core-9.0.45.jar:/Users/yoon/.m2/repository/org/apache/tomcat/embed/tomcat-embed-websocket/9.0.45/tomcat-embed-websocket-9.0.45.jar:/Users/yoon/.m2/repository/org/springframework/spring-webmvc/5.3.6/spring-webmvc-5.3.6.jar:/Users/yoon/.m2/repository/org/springframework/boot/spring-boot-devtools/2.4.5/spring-boot-devtools-2.4.5.jar:/Users/yoon/.m2/repository/org/springframework/boot/spring-boot/2.4.5/spring-boot-2.4.5.jar:/Users/yoon/.m2/repository/org/springframework/boot/spring-boot-autoconfigure/2.4.5/spring-boot-autoconfigure-2.4.5.jar:/Users/yoon/.m2/repository/org/mariadb/jdbc/mariadb-java-client/2.7.3/mariadb-java-client-2.7.3.jar:/Users/yoon/.m2/repository/org/projectlombok/lombok/1.18.20/lombok-1.18.20.jar:/Users/yoon/.m2/repository/org/springframework/boot/spring-boot-starter-test/2.4.5/spring-boot-starter-test-2.4.5.jar:/Users/yoon/.m2/repository/org/springframework/boot/spring-boot-test/2.4.5/spring-boot-test-2.4.5.jar:/Users/yoon/.m2/repository/org/springframework/boot/spring-boot-test-autoconfigure/2.4.5/spring-boot-test-autoconfigure-2.4.5.jar:/Users/yoon/.m2/repository/com/jayway/jsonpath/json-path/2.4.0/json-path-2.4.0.jar:/Users/yoon/.m2/repository/net/minidev/json-smart/2.3/json-smart-2.3.jar:/Users/yoon/.m2/repository/net/minidev/accessors-smart/1.2/accessors-smart-1.2.jar:/Users/yoon/.m2/repository/org/ow2/asm/asm/5.0.4/asm-5.0.4.jar:/Users/yoon/.m2/repository/jakarta/xml/bind/jakarta.xml.bind-api/2.3.3/jakarta.xml.bind-api-2.3.3.jar:/Users/yoon/.m2/repository/jakarta/activation/jakarta.activation-api/1.2.2/jakarta.activation-api-1.2.2.jar:/Users/yoon/.m2/repository/org/assertj/assertj-core/3.18.1/assertj-core-3.18.1.jar:/Users/yoon/.m2/repository/org/hamcrest/hamcrest/2.2/hamcrest-2.2.jar:/Users/yoon/.m2/repository/org/junit/jupiter/junit-jupiter/5.7.1/junit-jupiter-5.7.1.jar:/Users/yoon/.m2/repository/org/junit/jupiter/junit-jupiter-api/5.7.1/junit-jupiter-api-5.7.1.jar:/Users/yoon/.m2/repository/org/apiguardian/apiguardian-api/1.1.0/apiguardian-api-1.1.0.jar:/Users/yoon/.m2/repository/org/opentest4j/opentest4j/1.2.0/opentest4j-1.2.0.jar:/Users/yoon/.m2/repository/org/junit/platform/junit-platform-commons/1.7.1/junit-platform-commons-1.7.1.jar:/Users/yoon/.m2/repository/org/junit/jupiter/junit-jupiter-params/5.7.1/junit-jupiter-params-5.7.1.jar:/Users/yoon/.m2/repository/org/junit/jupiter/junit-jupiter-engine/5.7.1/junit-jupiter-engine-5.7.1.jar:/Users/yoon/.m2/repository/org/junit/platform/junit-platform-engine/1.7.1/junit-platform-engine-1.7.1.jar:/Users/yoon/.m2/repository/org/mockito/mockito-core/3.6.28/mockito-core-3.6.28.jar:/Users/yoon/.m2/repository/net/bytebuddy/byte-buddy-agent/1.10.22/byte-buddy-agent-1.10.22.jar:/Users/yoon/.m2/repository/org/objenesis/objenesis/3.1/objenesis-3.1.jar:/Users/yoon/.m2/repository/org/mockito/mockito-junit-jupiter/3.6.28/mockito-junit-jupiter-3.6.28.jar:/Users/yoon/.m2/repository/org/skyscreamer/jsonassert/1.5.0/jsonassert-1.5.0.jar:/Users/yoon/.m2/repository/com/vaadin/external/google/android-json/0.0.20131108.vaadin1/android-json-0.0.20131108.vaadin1.jar:/Users/yoon/.m2/repository/org/springframework/spring-test/5.3.6/spring-test-5.3.6.jar:/Users/yoon/.m2/repository/org/xmlunit/xmlunit-core/2.7.0/xmlunit-core-2.7.0.jar:/Users/yoon/.m2/repository/org/springframework/boot/spring-boot-starter-validation/2.4.4/spring-boot-starter-validation-2.4.4.jar:/Users/yoon/.m2/repository/org/glassfish/jakarta.el/3.0.3/jakarta.el-3.0.3.jar:/Users/yoon/.m2/repository/org/hibernate/validator/hibernate-validator/6.1.7.Final/hibernate-validator-6.1.7.Final.jar:/Users/yoon/.m2/repository/jakarta/validation/jakarta.validation-api/2.0.2/jakarta.validation-api-2.0.2.jar:/Users/yoon/.m2/repository/com/google/firebase/firebase-admin/8.1.0/firebase-admin-8.1.0.jar:/Users/yoon/.m2/repository/com/google/api-client/google-api-client/1.32.1/google-api-client-1.32.1.jar:/Users/yoon/.m2/repository/com/google/oauth-client/google-oauth-client/1.31.5/google-oauth-client-1.31.5.jar:/Users/yoon/.m2/repository/com/google/http-client/google-http-client-gson/1.39.2/google-http-client-gson-1.39.2.jar:/Users/yoon/.m2/repository/com/google/http-client/google-http-client-apache-v2/1.39.2/google-http-client-apache-v2-1.39.2.jar:/Users/yoon/.m2/repository/org/apache/httpcomponents/httpcore/4.4.14/httpcore-4.4.14.jar:/Users/yoon/.m2/repository/org/apache/httpcomponents/httpclient/4.5.13/httpclient-4.5.13.jar:/Users/yoon/.m2/repository/com/google/api-client/google-api-client-gson/1.32.1/google-api-client-gson-1.32.1.jar:/Users/yoon/.m2/repository/com/google/http-client/google-http-client/1.39.2/google-http-client-1.39.2.jar:/Users/yoon/.m2/repository/com/google/code/findbugs/jsr305/3.0.2/jsr305-3.0.2.jar:/Users/yoon/.m2/repository/com/google/j2objc/j2objc-annotations/1.3/j2objc-annotations-1.3.jar:/Users/yoon/.m2/repository/io/opencensus/opencensus-api/0.28.0/opencensus-api-0.28.0.jar:/Users/yoon/.m2/repository/io/opencensus/opencensus-contrib-http-util/0.28.0/opencensus-contrib-http-util-0.28.0.jar:/Users/yoon/.m2/repository/com/google/api/api-common/1.10.4/api-common-1.10.4.jar:/Users/yoon/.m2/repository/javax/annotation/javax.annotation-api/1.3.2/javax.annotation-api-1.3.2.jar:/Users/yoon/.m2/repository/com/google/auto/value/auto-value-annotations/1.8.1/auto-value-annotations-1.8.1.jar:/Users/yoon/.m2/repository/com/google/auth/google-auth-library-oauth2-http/0.26.0/google-auth-library-oauth2-http-0.26.0.jar:/Users/yoon/.m2/repository/com/google/auth/google-auth-library-credentials/0.26.0/google-auth-library-credentials-0.26.0.jar:/Users/yoon/.m2/repository/com/google/cloud/google-cloud-storage/1.118.0/google-cloud-storage-1.118.0.jar:/Users/yoon/.m2/repository/com/google/guava/failureaccess/1.0.1/failureaccess-1.0.1.jar:/Users/yoon/.m2/repository/com/google/guava/listenablefuture/9999.0-empty-to-avoid-conflict-with-guava/listenablefuture-9999.0-empty-to-avoid-conflict-with-guava.jar:/Users/yoon/.m2/repository/org/checkerframework/checker-compat-qual/2.5.5/checker-compat-qual-2.5.5.jar:/Users/yoon/.m2/repository/com/google/errorprone/error_prone_annotations/2.7.1/error_prone_annotations-2.7.1.jar:/Users/yoon/.m2/repository/com/google/http-client/google-http-client-jackson2/1.39.2/google-http-client-jackson2-1.39.2.jar:/Users/yoon/.m2/repository/com/fasterxml/jackson/core/jackson-core/2.11.4/jackson-core-2.11.4.jar:/Users/yoon/.m2/repository/com/google/apis/google-api-services-storage/v1-rev20210127-1.32.1/google-api-services-storage-v1-rev20210127-1.32.1.jar:/Users/yoon/.m2/repository/com/google/code/gson/gson/2.8.6/gson-2.8.6.jar:/Users/yoon/.m2/repository/com/google/cloud/google-cloud-core/1.95.4/google-cloud-core-1.95.4.jar:/Users/yoon/.m2/repository/com/google/api/grpc/proto-google-common-protos/2.3.2/proto-google-common-protos-2.3.2.jar:/Users/yoon/.m2/repository/com/google/cloud/google-cloud-core-http/1.95.4/google-cloud-core-http-1.95.4.jar:/Users/yoon/.m2/repository/com/google/http-client/google-http-client-appengine/1.39.2/google-http-client-appengine-1.39.2.jar:/Users/yoon/.m2/repository/com/google/api/gax-httpjson/0.83.0/gax-httpjson-0.83.0.jar:/Users/yoon/.m2/repository/com/google/api/gax/1.66.0/gax-1.66.0.jar:/Users/yoon/.m2/repository/io/grpc/grpc-context/1.39.0/grpc-context-1.39.0.jar:/Users/yoon/.m2/repository/com/google/api/grpc/proto-google-iam-v1/1.0.14/proto-google-iam-v1-1.0.14.jar:/Users/yoon/.m2/repository/com/google/protobuf/protobuf-java/3.17.3/protobuf-java-3.17.3.jar:/Users/yoon/.m2/repository/com/google/protobuf/protobuf-java-util/3.17.3/protobuf-java-util-3.17.3.jar:/Users/yoon/.m2/repository/org/threeten/threetenbp/1.5.1/threetenbp-1.5.1.jar:/Users/yoon/.m2/repository/com/google/cloud/google-cloud-firestore/2.6.1/google-cloud-firestore-2.6.1.jar:/Users/yoon/.m2/repository/com/google/cloud/google-cloud-core-grpc/1.95.4/google-cloud-core-grpc-1.95.4.jar:/Users/yoon/.m2/repository/io/grpc/grpc-core/1.39.0/grpc-core-1.39.0.jar:/Users/yoon/.m2/repository/com/google/android/annotations/4.1.1.4/annotations-4.1.1.4.jar:/Users/yoon/.m2/repository/org/codehaus/mojo/animal-sniffer-annotations/1.20/animal-sniffer-annotations-1.20.jar:/Users/yoon/.m2/repository/io/perfmark/perfmark-api/0.23.0/perfmark-api-0.23.0.jar:/Users/yoon/.m2/repository/commons-logging/commons-logging/1.2/commons-logging-1.2.jar:/Users/yoon/.m2/repository/commons-codec/commons-codec/1.15/commons-codec-1.15.jar:/Users/yoon/.m2/repository/com/google/api/grpc/proto-google-cloud-firestore-v1/2.6.1/proto-google-cloud-firestore-v1-2.6.1.jar:/Users/yoon/.m2/repository/com/google/cloud/proto-google-cloud-firestore-bundle-v1/2.6.1/proto-google-cloud-firestore-bundle-v1-2.6.1.jar:/Users/yoon/.m2/repository/io/opencensus/opencensus-contrib-grpc-util/0.28.0/opencensus-contrib-grpc-util-0.28.0.jar:/Users/yoon/.m2/repository/io/grpc/grpc-protobuf/1.39.0/grpc-protobuf-1.39.0.jar:/Users/yoon/.m2/repository/io/grpc/grpc-protobuf-lite/1.39.0/grpc-protobuf-lite-1.39.0.jar:/Users/yoon/.m2/repository/io/grpc/grpc-api/1.39.0/grpc-api-1.39.0.jar:/Users/yoon/.m2/repository/com/google/api/gax-grpc/1.66.0/gax-grpc-1.66.0.jar:/Users/yoon/.m2/repository/io/grpc/grpc-auth/1.39.0/grpc-auth-1.39.0.jar:/Users/yoon/.m2/repository/io/grpc/grpc-netty-shaded/1.39.0/grpc-netty-shaded-1.39.0.jar:/Users/yoon/.m2/repository/io/grpc/grpc-alts/1.39.0/grpc-alts-1.39.0.jar:/Users/yoon/.m2/repository/io/grpc/grpc-grpclb/1.39.0/grpc-grpclb-1.39.0.jar:/Users/yoon/.m2/repository/org/conscrypt/conscrypt-openjdk-uber/2.5.1/conscrypt-openjdk-uber-2.5.1.jar:/Users/yoon/.m2/repository/io/grpc/grpc-stub/1.39.0/grpc-stub-1.39.0.jar:/Users/yoon/.m2/repository/com/google/guava/guava/30.1.1-android/guava-30.1.1-android.jar:/Users/yoon/.m2/repository/org/slf4j/slf4j-api/1.7.30/slf4j-api-1.7.30.jar:/Users/yoon/.m2/repository/io/netty/netty-codec-http/4.1.63.Final/netty-codec-http-4.1.63.Final.jar:/Users/yoon/.m2/repository/io/netty/netty-common/4.1.63.Final/netty-common-4.1.63.Final.jar:/Users/yoon/.m2/repository/io/netty/netty-buffer/4.1.63.Final/netty-buffer-4.1.63.Final.jar:/Users/yoon/.m2/repository/io/netty/netty-codec/4.1.63.Final/netty-codec-4.1.63.Final.jar:/Users/yoon/.m2/repository/io/netty/netty-handler/4.1.63.Final/netty-handler-4.1.63.Final.jar:/Users/yoon/.m2/repository/io/netty/netty-resolver/4.1.63.Final/netty-resolver-4.1.63.Final.jar:/Users/yoon/.m2/repository/io/netty/netty-transport/4.1.63.Final/netty-transport-4.1.63.Final.jar:"/>
    <property name="java.vm.vendor" value="Homebrew"/>
    <property name="sun.arch.data.model" value="64"/>
    <property name="java.vendor.url" value="https://github.com/Homebrew/homebrew-core/issues"/>
    <property name="os.name" value="Mac OS X"/>
    <property name="java.vm.specification.version" value="20"/>
    <property name="sun.java.launcher" value="SUN_STANDARD"/>
    <property name="user.country" value="KR"/>
    <property name="sun.boot.library.path" value="/opt/homebrew/Cellar/openjdk/20.0.1/libexec/openjdk.jdk/Contents/Home/lib"/>
    <property name="sun.java.command" value="/Users/yoon/spring-workspace/photogram_sy/servertry_gram/target/surefire/surefirebooter3598035768889187754.jar /Users/yoon/spring-workspace/photogram_sy/servertry_gram/target/surefire 2023-09-24T15-21-39_348-jvmRun1 surefire8216467675269437101tmp surefire_017993968225442527998tmp"/>
    <property name="http.nonProxyHosts" value="local|*.local|169.254/16|*.169.254/16|lx.astxsvc.com|*.lx.astxsvc.com"/>
    <property name="jdk.debug" value="release"/>
    <property name="surefire.test.class.path" value="/Users/yoon/spring-workspace/photogram_sy/servertry_gram/target/test-classes:/Users/yoon/spring-workspace/photogram_sy/servertry_gram/target/classes:/Users/yoon/.m2/repository/org/qlrm/qlrm/2.1.1/qlrm-2.1.1.jar:/Users/yoon/.m2/repository/org/apache/logging/log4j/log4j-api/2.13.3/log4j-api-2.13.3.jar:/Users/yoon/.m2/repository/org/apache/logging/log4j/log4j-core/2.13.3/log4j-core-2.13.3.jar:/Users/yoon/.m2/repository/org/springframework/security/spring-security-taglibs/5.4.6/spring-security-taglibs-5.4.6.jar:/Users/yoon/.m2/repository/org/springframework/security/spring-security-acl/5.4.6/spring-security-acl-5.4.6.jar:/Users/yoon/.m2/repository/org/springframework/spring-jdbc/5.3.6/spring-jdbc-5.3.6.jar:/Users/yoon/.m2/repository/org/springframework/spring-tx/5.3.6/spring-tx-5.3.6.jar:/Users/yoon/.m2/repository/org/springframework/security/spring-security-core/5.4.6/spring-security-core-5.4.6.jar:/Users/yoon/.m2/repository/org/springframework/security/spring-security-web/5.4.6/spring-security-web-5.4.6.jar:/Users/yoon/.m2/repository/org/springframework/spring-aop/5.3.6/spring-aop-5.3.6.jar:/Users/yoon/.m2/repository/org/springframework/spring-beans/5.3.6/spring-beans-5.3.6.jar:/Users/yoon/.m2/repository/org/springframework/spring-context/5.3.6/spring-context-5.3.6.jar:/Users/yoon/.m2/repository/org/springframework/spring-core/5.3.6/spring-core-5.3.6.jar:/Users/yoon/.m2/repository/org/springframework/spring-jcl/5.3.6/spring-jcl-5.3.6.jar:/Users/yoon/.m2/repository/org/springframework/spring-expression/5.3.6/spring-expression-5.3.6.jar:/Users/yoon/.m2/repository/org/springframework/spring-web/5.3.6/spring-web-5.3.6.jar:/Users/yoon/.m2/repository/org/apache/tomcat/tomcat-jasper/9.0.43/tomcat-jasper-9.0.43.jar:/Users/yoon/.m2/repository/org/apache/tomcat/tomcat-servlet-api/9.0.43/tomcat-servlet-api-9.0.43.jar:/Users/yoon/.m2/repository/org/apache/tomcat/tomcat-juli/9.0.43/tomcat-juli-9.0.43.jar:/Users/yoon/.m2/repository/org/apache/tomcat/tomcat-jsp-api/9.0.45/tomcat-jsp-api-9.0.45.jar:/Users/yoon/.m2/repository/org/apache/tomcat/tomcat-el-api/9.0.43/tomcat-el-api-9.0.43.jar:/Users/yoon/.m2/repository/org/eclipse/jdt/ecj/3.24.0/ecj-3.24.0.jar:/Users/yoon/.m2/repository/org/apache/tomcat/tomcat-jasper-el/9.0.43/tomcat-jasper-el-9.0.43.jar:/Users/yoon/.m2/repository/org/apache/tomcat/tomcat-api/9.0.43/tomcat-api-9.0.43.jar:/Users/yoon/.m2/repository/org/apache/tomcat/tomcat-util-scan/9.0.43/tomcat-util-scan-9.0.43.jar:/Users/yoon/.m2/repository/org/apache/tomcat/tomcat-util/9.0.43/tomcat-util-9.0.43.jar:/Users/yoon/.m2/repository/javax/servlet/jstl/1.2/jstl-1.2.jar:/Users/yoon/.m2/repository/org/springframework/boot/spring-boot-starter-data-jpa/2.4.5/spring-boot-starter-data-jpa-2.4.5.jar:/Users/yoon/.m2/repository/org/springframework/boot/spring-boot-starter-aop/2.4.5/spring-boot-starter-aop-2.4.5.jar:/Users/yoon/.m2/repository/org/aspectj/aspectjweaver/1.9.6/aspectjweaver-1.9.6.jar:/Users/yoon/.m2/repository/org/springframework/boot/spring-boot-starter-jdbc/2.4.5/spring-boot-starter-jdbc-2.4.5.jar:/Users/yoon/.m2/repository/com/zaxxer/HikariCP/3.4.5/HikariCP-3.4.5.jar:/Users/yoon/.m2/repository/jakarta/transaction/jakarta.transaction-api/1.3.3/jakarta.transaction-api-1.3.3.jar:/Users/yoon/.m2/repository/jakarta/persistence/jakarta.persistence-api/2.2.3/jakarta.persistence-api-2.2.3.jar:/Users/yoon/.m2/repository/org/hibernate/hibernate-core/5.4.30.Final/hibernate-core-5.4.30.Final.jar:/Users/yoon/.m2/repository/org/jboss/logging/jboss-logging/3.4.1.Final/jboss-logging-3.4.1.Final.jar:/Users/yoon/.m2/repository/org/javassist/javassist/3.27.0-GA/javassist-3.27.0-GA.jar:/Users/yoon/.m2/repository/net/bytebuddy/byte-buddy/1.10.22/byte-buddy-1.10.22.jar:/Users/yoon/.m2/repository/antlr/antlr/2.7.7/antlr-2.7.7.jar:/Users/yoon/.m2/repository/org/jboss/jandex/2.2.3.Final/jandex-2.2.3.Final.jar:/Users/yoon/.m2/repository/com/fasterxml/classmate/1.5.1/classmate-1.5.1.jar:/Users/yoon/.m2/repository/org/dom4j/dom4j/2.1.3/dom4j-2.1.3.jar:/Users/yoon/.m2/repository/org/hibernate/common/hibernate-commons-annotations/5.1.2.Final/hibernate-commons-annotations-5.1.2.Final.jar:/Users/yoon/.m2/repository/org/glassfish/jaxb/jaxb-runtime/2.3.4/jaxb-runtime-2.3.4.jar:/Users/yoon/.m2/repository/org/glassfish/jaxb/txw2/2.3.4/txw2-2.3.4.jar:/Users/yoon/.m2/repository/com/sun/istack/istack-commons-runtime/3.0.12/istack-commons-runtime-3.0.12.jar:/Users/yoon/.m2/repository/org/springframework/data/spring-data-jpa/2.4.8/spring-data-jpa-2.4.8.jar:/Users/yoon/.m2/repository/org/springframework/data/spring-data-commons/2.4.8/spring-data-commons-2.4.8.jar:/Users/yoon/.m2/repository/org/springframework/spring-orm/5.3.6/spring-orm-5.3.6.jar:/Users/yoon/.m2/repository/org/springframework/spring-aspects/5.3.6/spring-aspects-5.3.6.jar:/Users/yoon/.m2/repository/org/springframework/boot/spring-boot-starter-oauth2-client/2.4.5/spring-boot-starter-oauth2-client-2.4.5.jar:/Users/yoon/.m2/repository/org/springframework/boot/spring-boot-starter/2.4.5/spring-boot-starter-2.4.5.jar:/Users/yoon/.m2/repository/org/springframework/boot/spring-boot-starter-logging/2.4.5/spring-boot-starter-logging-2.4.5.jar:/Users/yoon/.m2/repository/ch/qos/logback/logback-classic/1.2.3/logback-classic-1.2.3.jar:/Users/yoon/.m2/repository/ch/qos/logback/logback-core/1.2.3/logback-core-1.2.3.jar:/Users/yoon/.m2/repository/org/apache/logging/log4j/log4j-to-slf4j/2.13.3/log4j-to-slf4j-2.13.3.jar:/Users/yoon/.m2/repository/org/slf4j/jul-to-slf4j/1.7.30/jul-to-slf4j-1.7.30.jar:/Users/yoon/.m2/repository/jakarta/annotation/jakarta.annotation-api/1.3.5/jakarta.annotation-api-1.3.5.jar:/Users/yoon/.m2/repository/org/yaml/snakeyaml/1.27/snakeyaml-1.27.jar:/Users/yoon/.m2/repository/com/sun/mail/jakarta.mail/1.6.7/jakarta.mail-1.6.7.jar:/Users/yoon/.m2/repository/com/sun/activation/jakarta.activation/1.2.2/jakarta.activation-1.2.2.jar:/Users/yoon/.m2/repository/org/springframework/security/spring-security-config/5.4.6/spring-security-config-5.4.6.jar:/Users/yoon/.m2/repository/org/springframework/security/spring-security-oauth2-client/5.4.6/spring-security-oauth2-client-5.4.6.jar:/Users/yoon/.m2/repository/com/nimbusds/oauth2-oidc-sdk/8.36.1/oauth2-oidc-sdk-8.36.1.jar:/Users/yoon/.m2/repository/com/github/stephenc/jcip/jcip-annotations/1.0-1/jcip-annotations-1.0-1.jar:/Users/yoon/.m2/repository/com/nimbusds/content-type/2.1/content-type-2.1.jar:/Users/yoon/.m2/repository/com/nimbusds/lang-tag/1.4.4/lang-tag-1.4.4.jar:/Users/yoon/.m2/repository/org/springframework/security/spring-security-oauth2-core/5.4.6/spring-security-oauth2-core-5.4.6.jar:/Users/yoon/.m2/repository/org/springframework/security/spring-security-oauth2-jose/5.4.6/spring-security-oauth2-jose-5.4.6.jar:/Users/yoon/.m2/repository/com/nimbusds/nimbus-jose-jwt/8.20.2/nimbus-jose-jwt-8.20.2.jar:/Users/yoon/.m2/repository/org/springframework/boot/spring-boot-starter-security/2.4.5/spring-boot-starter-security-2.4.5.jar:/Users/yoon/.m2/repository/org/springframework/boot/spring-boot-starter-web/2.4.5/spring-boot-starter-web-2.4.5.jar:/Users/yoon/.m2/repository/org/springframework/boot/spring-boot-starter-json/2.4.5/spring-boot-starter-json-2.4.5.jar:/Users/yoon/.m2/repository/com/fasterxml/jackson/core/jackson-databind/2.11.4/jackson-databind-2.11.4.jar:/Users/yoon/.m2/repository/com/fasterxml/jackson/core/jackson-annotations/2.11.4/jackson-annotations-2.11.4.jar:/Users/yoon/.m2/repository/com/fasterxml/jackson/datatype/jackson-datatype-jdk8/2.11.4/jackson-datatype-jdk8-2.11.4.jar:/Users/yoon/.m2/repository/com/fasterxml/jackson/datatype/jackson-datatype-jsr310/2.11.4/jackson-datatype-jsr310-2.11.4.jar:/Users/yoon/.m2/repository/com/fasterxml/jackson/module/jackson-module-parameter-names/2.11.4/jackson-module-parameter-names-2.11.4.jar:/Users/yoon/.m2/repository/org/springframework/boot/spring-boot-starter-tomcat/2.4.5/spring-boot-starter-tomcat-2.4.5.jar:/Users/yoon/.m2/repository/org/apache/tomcat/embed/tomcat-embed-core/9.0.45/tomcat-embed-core-9.0.45.jar:/Users/yoon/.m2/repository/org/apache/tomcat/embed/tomcat-embed-websocket/9.0.45/tomcat-embed-websocket-9.0.45.jar:/Users/yoon/.m2/repository/org/springframework/spring-webmvc/5.3.6/spring-webmvc-5.3.6.jar:/Users/yoon/.m2/repository/org/springframework/boot/spring-boot-devtools/2.4.5/spring-boot-devtools-2.4.5.jar:/Users/yoon/.m2/repository/org/springframework/boot/spring-boot/2.4.5/spring-boot-2.4.5.jar:/Users/yoon/.m2/repository/org/springframework/boot/spring-boot-autoconfigure/2.4.5/spring-boot-autoconfigure-2.4.5.jar:/Users/yoon/.m2/repository/org/mariadb/jdbc/mariadb-java-client/2.7.3/mariadb-java-client-2.7.3.jar:/Users/yoon/.m2/repository/org/projectlombok/lombok/1.18.20/lombok-1.18.20.jar:/Users/yoon/.m2/repository/org/springframework/boot/spring-boot-starter-test/2.4.5/spring-boot-starter-test-2.4.5.jar:/Users/yoon/.m2/repository/org/springframework/boot/spring-boot-test/2.4.5/spring-boot-test-2.4.5.jar:/Users/yoon/.m2/repository/org/springframework/boot/spring-boot-test-autoconfigure/2.4.5/spring-boot-test-autoconfigure-2.4.5.jar:/Users/yoon/.m2/repository/com/jayway/jsonpath/json-path/2.4.0/json-path-2.4.0.jar:/Users/yoon/.m2/repository/net/minidev/json-smart/2.3/json-smart-2.3.jar:/Users/yoon/.m2/repository/net/minidev/accessors-smart/1.2/accessors-smart-1.2.jar:/Users/yoon/.m2/repository/org/ow2/asm/asm/5.0.4/asm-5.0.4.jar:/Users/yoon/.m2/repository/jakarta/xml/bind/jakarta.xml.bind-api/2.3.3/jakarta.xml.bind-api-2.3.3.jar:/Users/yoon/.m2/repository/jakarta/activation/jakarta.activation-api/1.2.2/jakarta.activation-api-1.2.2.jar:/Users/yoon/.m2/repository/org/assertj/assertj-core/3.18.1/assertj-core-3.18.1.jar:/Users/yoon/.m2/repository/org/hamcrest/hamcrest/2.2/hamcrest-2.2.jar:/Users/yoon/.m2/repository/org/junit/jupiter/junit-jupiter/5.7.1/junit-jupiter-5.7.1.jar:/Users/yoon/.m2/repository/org/junit/jupiter/junit-jupiter-api/5.7.1/junit-jupiter-api-5.7.1.jar:/Users/yoon/.m2/repository/org/apiguardian/apiguardian-api/1.1.0/apiguardian-api-1.1.0.jar:/Users/yoon/.m2/repository/org/opentest4j/opentest4j/1.2.0/opentest4j-1.2.0.jar:/Users/yoon/.m2/repository/org/junit/platform/junit-platform-commons/1.7.1/junit-platform-commons-1.7.1.jar:/Users/yoon/.m2/repository/org/junit/jupiter/junit-jupiter-params/5.7.1/junit-jupiter-params-5.7.1.jar:/Users/yoon/.m2/repository/org/junit/jupiter/junit-jupiter-engine/5.7.1/junit-jupiter-engine-5.7.1.jar:/Users/yoon/.m2/repository/org/junit/platform/junit-platform-engine/1.7.1/junit-platform-engine-1.7.1.jar:/Users/yoon/.m2/repository/org/mockito/mockito-core/3.6.28/mockito-core-3.6.28.jar:/Users/yoon/.m2/repository/net/bytebuddy/byte-buddy-agent/1.10.22/byte-buddy-agent-1.10.22.jar:/Users/yoon/.m2/repository/org/objenesis/objenesis/3.1/objenesis-3.1.jar:/Users/yoon/.m2/repository/org/mockito/mockito-junit-jupiter/3.6.28/mockito-junit-jupiter-3.6.28.jar:/Users/yoon/.m2/repository/org/skyscreamer/jsonassert/1.5.0/jsonassert-1.5.0.jar:/Users/yoon/.m2/repository/com/vaadin/external/google/android-json/0.0.20131108.vaadin1/android-json-0.0.20131108.vaadin1.jar:/Users/yoon/.m2/repository/org/springframework/spring-test/5.3.6/spring-test-5.3.6.jar:/Users/yoon/.m2/repository/org/xmlunit/xmlunit-core/2.7.0/xmlunit-core-2.7.0.jar:/Users/yoon/.m2/repository/org/springframework/boot/spring-boot-starter-validation/2.4.4/spring-boot-starter-validation-2.4.4.jar:/Users/yoon/.m2/repository/org/glassfish/jakarta.el/3.0.3/jakarta.el-3.0.3.jar:/Users/yoon/.m2/repository/org/hibernate/validator/hibernate-validator/6.1.7.Final/hibernate-validator-6.1.7.Final.jar:/Users/yoon/.m2/repository/jakarta/validation/jakarta.validation-api/2.0.2/jakarta.validation-api-2.0.2.jar:/Users/yoon/.m2/repository/com/google/firebase/firebase-admin/8.1.0/firebase-admin-8.1.0.jar:/Users/yoon/.m2/repository/com/google/api-client/google-api-client/1.32.1/google-api-client-1.32.1.jar:/Users/yoon/.m2/repository/com/google/oauth-client/google-oauth-client/1.31.5/google-oauth-client-1.31.5.jar:/Users/yoon/.m2/repository/com/google/http-client/google-http-client-gson/1.39.2/google-http-client-gson-1.39.2.jar:/Users/yoon/.m2/repository/com/google/http-client/google-http-client-apache-v2/1.39.2/google-http-client-apache-v2-1.39.2.jar:/Users/yoon/.m2/repository/org/apache/httpcomponents/httpcore/4.4.14/httpcore-4.4.14.jar:/Users/yoon/.m2/repository/org/apache/httpcomponents/httpclient/4.5.13/httpclient-4.5.13.jar:/Users/yoon/.m2/repository/com/google/api-client/google-api-client-gson/1.32.1/google-api-client-gson-1.32.1.jar:/Users/yoon/.m2/repository/com/google/http-client/google-http-client/1.39.2/google-http-client-1.39.2.jar:/Users/yoon/.m2/repository/com/google/code/findbugs/jsr305/3.0.2/jsr305-3.0.2.jar:/Users/yoon/.m2/repository/com/google/j2objc/j2objc-annotations/1.3/j2objc-annotations-1.3.jar:/Users/yoon/.m2/repository/io/opencensus/opencensus-api/0.28.0/opencensus-api-0.28.0.jar:/Users/yoon/.m2/repository/io/opencensus/opencensus-contrib-http-util/0.28.0/opencensus-contrib-http-util-0.28.0.jar:/Users/yoon/.m2/repository/com/google/api/api-common/1.10.4/api-common-1.10.4.jar:/Users/yoon/.m2/repository/javax/annotation/javax.annotation-api/1.3.2/javax.annotation-api-1.3.2.jar:/Users/yoon/.m2/repository/com/google/auto/value/auto-value-annotations/1.8.1/auto-value-annotations-1.8.1.jar:/Users/yoon/.m2/repository/com/google/auth/google-auth-library-oauth2-http/0.26.0/google-auth-library-oauth2-http-0.26.0.jar:/Users/yoon/.m2/repository/com/google/auth/google-auth-library-credentials/0.26.0/google-auth-library-credentials-0.26.0.jar:/Users/yoon/.m2/repository/com/google/cloud/google-cloud-storage/1.118.0/google-cloud-storage-1.118.0.jar:/Users/yoon/.m2/repository/com/google/guava/failureaccess/1.0.1/failureaccess-1.0.1.jar:/Users/yoon/.m2/repository/com/google/guava/listenablefuture/9999.0-empty-to-avoid-conflict-with-guava/listenablefuture-9999.0-empty-to-avoid-conflict-with-guava.jar:/Users/yoon/.m2/repository/org/checkerframework/checker-compat-qual/2.5.5/checker-compat-qual-2.5.5.jar:/Users/yoon/.m2/repository/com/google/errorprone/error_prone_annotations/2.7.1/error_prone_annotations-2.7.1.jar:/Users/yoon/.m2/repository/com/google/http-client/google-http-client-jackson2/1.39.2/google-http-client-jackson2-1.39.2.jar:/Users/yoon/.m2/repository/com/fasterxml/jackson/core/jackson-core/2.11.4/jackson-core-2.11.4.jar:/Users/yoon/.m2/repository/com/google/apis/google-api-services-storage/v1-rev20210127-1.32.1/google-api-services-storage-v1-rev20210127-1.32.1.jar:/Users/yoon/.m2/repository/com/google/code/gson/gson/2.8.6/gson-2.8.6.jar:/Users/yoon/.m2/repository/com/google/cloud/google-cloud-core/1.95.4/google-cloud-core-1.95.4.jar:/Users/yoon/.m2/repository/com/google/api/grpc/proto-google-common-protos/2.3.2/proto-google-common-protos-2.3.2.jar:/Users/yoon/.m2/repository/com/google/cloud/google-cloud-core-http/1.95.4/google-cloud-core-http-1.95.4.jar:/Users/yoon/.m2/repository/com/google/http-client/google-http-client-appengine/1.39.2/google-http-client-appengine-1.39.2.jar:/Users/yoon/.m2/repository/com/google/api/gax-httpjson/0.83.0/gax-httpjson-0.83.0.jar:/Users/yoon/.m2/repository/com/google/api/gax/1.66.0/gax-1.66.0.jar:/Users/yoon/.m2/repository/io/grpc/grpc-context/1.39.0/grpc-context-1.39.0.jar:/Users/yoon/.m2/repository/com/google/api/grpc/proto-google-iam-v1/1.0.14/proto-google-iam-v1-1.0.14.jar:/Users/yoon/.m2/repository/com/google/protobuf/protobuf-java/3.17.3/protobuf-java-3.17.3.jar:/Users/yoon/.m2/repository/com/google/protobuf/protobuf-java-util/3.17.3/protobuf-java-util-3.17.3.jar:/Users/yoon/.m2/repository/org/threeten/threetenbp/1.5.1/threetenbp-1.5.1.jar:/Users/yoon/.m2/repository/com/google/cloud/google-cloud-firestore/2.6.1/google-cloud-firestore-2.6.1.jar:/Users/yoon/.m2/repository/com/google/cloud/google-cloud-core-grpc/1.95.4/google-cloud-core-grpc-1.95.4.jar:/Users/yoon/.m2/repository/io/grpc/grpc-core/1.39.0/grpc-core-1.39.0.jar:/Users/yoon/.m2/repository/com/google/android/annotations/4.1.1.4/annotations-4.1.1.4.jar:/Users/yoon/.m2/repository/org/codehaus/mojo/animal-sniffer-annotations/1.20/animal-sniffer-annotations-1.20.jar:/Users/yoon/.m2/repository/io/perfmark/perfmark-api/0.23.0/perfmark-api-0.23.0.jar:/Users/yoon/.m2/repository/commons-logging/commons-logging/1.2/commons-logging-1.2.jar:/Users/yoon/.m2/repository/commons-codec/commons-codec/1.15/commons-codec-1.15.jar:/Users/yoon/.m2/repository/com/google/api/grpc/proto-google-cloud-firestore-v1/2.6.1/proto-google-cloud-firestore-v1-2.6.1.jar:/Users/yoon/.m2/repository/com/google/cloud/proto-google-cloud-firestore-bundle-v1/2.6.1/proto-google-cloud-firestore-bundle-v1-2.6.1.jar:/Users/yoon/.m2/repository/io/opencensus/opencensus-contrib-grpc-util/0.28.0/opencensus-contrib-grpc-util-0.28.0.jar:/Users/yoon/.m2/repository/io/grpc/grpc-protobuf/1.39.0/grpc-protobuf-1.39.0.jar:/Users/yoon/.m2/repository/io/grpc/grpc-protobuf-lite/1.39.0/grpc-protobuf-lite-1.39.0.jar:/Users/yoon/.m2/repository/io/grpc/grpc-api/1.39.0/grpc-api-1.39.0.jar:/Users/yoon/.m2/repository/com/google/api/gax-grpc/1.66.0/gax-grpc-1.66.0.jar:/Users/yoon/.m2/repository/io/grpc/grpc-auth/1.39.0/grpc-auth-1.39.0.jar:/Users/yoon/.m2/repository/io/grpc/grpc-netty-shaded/1.39.0/grpc-netty-shaded-1.39.0.jar:/Users/yoon/.m2/repository/io/grpc/grpc-alts/1.39.0/grpc-alts-1.39.0.jar:/Users/yoon/.m2/repository/io/grpc/grpc-grpclb/1.39.0/grpc-grpclb-1.39.0.jar:/Users/yoon/.m2/repository/org/conscrypt/conscrypt-openjdk-uber/2.5.1/conscrypt-openjdk-uber-2.5.1.jar:/Users/yoon/.m2/repository/io/grpc/grpc-stub/1.39.0/grpc-stub-1.39.0.jar:/Users/yoon/.m2/repository/com/google/guava/guava/30.1.1-android/guava-30.1.1-android.jar:/Users/yoon/.m2/repository/org/slf4j/slf4j-api/1.7.30/slf4j-api-1.7.30.jar:/Users/yoon/.m2/repository/io/netty/netty-codec-http/4.1.63.Final/netty-codec-http-4.1.63.Final.jar:/Users/yoon/.m2/repository/io/netty/netty-common/4.1.63.Final/netty-common-4.1.63.Final.jar:/Users/yoon/.m2/repository/io/netty/netty-buffer/4.1.63.Final/netty-buffer-4.1.63.Final.jar:/Users/yoon/.m2/repository/io/netty/netty-codec/4.1.63.Final/netty-codec-4.1.63.Final.jar:/Users/yoon/.m2/repository/io/netty/netty-handler/4.1.63.Final/netty-handler-4.1.63.Final.jar:/Users/yoon/.m2/repository/io/netty/netty-resolver/4.1.63.Final/netty-resolver-4.1.63.Final.jar:/Users/yoon/.m2/repository/io/netty/netty-transport/4.1.63.Final/netty-transport-4.1.63.Final.jar:"/>
    <property name="sun.cpu.endian" value="little"/>
    <property name="user.home" value="/Users/yoon"/>
    <property name="user.language" value="ko"/>
    <property name="java.specification.vendor" value="Oracle Corporation"/>
    <property name="java.version.date" value="2023-04-18"/>
    <property name="java.home" value="/opt/homebrew/Cellar/openjdk/20.0.1/libexec/openjdk.jdk/Contents/Home"/>
    <property name="file.separator" value="/"/>
    <property name="basedir" value="/Users/yoon/spring-workspace/photogram_sy/servertry_gram"/>
    <property name="java.vm.compressedOopsMode" value="Zero based"/>
    <property name="line.separator" value="&#10;"/>
    <property name="java.vm.specification.vendor" value="Oracle Corporation"/>
    <property name="java.specification.name" value="Java Platform API Specification"/>
    <property name="apple.awt.application.name" value="ForkedBooter"/>
    <property name="surefire.real.class.path" value="/Users/yoon/spring-workspace/photogram_sy/servertry_gram/target/surefire/surefirebooter3598035768889187754.jar"/>
    <property name="sun.management.compiler" value="HotSpot 64-Bit Tiered Compilers"/>
    <property name="ftp.nonProxyHosts" value="local|*.local|169.254/16|*.169.254/16|lx.astxsvc.com|*.lx.astxsvc.com"/>
    <property name="java.runtime.version" value="20.0.1"/>
    <property name="user.name" value="yoon"/>
    <property name="stdout.encoding" value="UTF-8"/>
    <property name="path.separator" value=":"/>
    <property name="os.version" value="13.5"/>
    <property name="java.runtime.name" value="OpenJDK Runtime Environment"/>
    <property name="file.encoding" value="UTF-8"/>
    <property name="java.vm.name" value="OpenJDK 64-Bit Server VM"/>
    <property name="java.vendor.version" value="Homebrew"/>
    <property name="localRepository" value="/Users/yoon/.m2/repository"/>
    <property name="java.vendor.url.bug" value="https://github.com/Homebrew/homebrew-core/issues"/>
    <property name="java.io.tmpdir" value="/var/folders/6t/hz4vrl292n5_20bzcz6lg2hh0000gn/T/"/>
    <property name="java.version" value="20.0.1"/>
    <property name="user.dir" value="/Users/yoon/spring-workspace/photogram_sy/servertry_gram"/>
    <property name="os.arch" value="aarch64"/>
    <property name="java.vm.specification.name" value="Java Virtual Machine Specification"/>
    <property name="native.encoding" value="UTF-8"/>
    <property name="java.library.path" value="/Users/yoon/Library/Java/Extensions:/Library/Java/Extensions:/Network/Library/Java/Extensions:/System/Library/Java/Extensions:/usr/lib/java:."/>
    <property name="java.vm.info" value="mixed mode, sharing"/>
    <property name="stderr.encoding" value="UTF-8"/>
    <property name="java.vendor" value="Homebrew"/>
    <property name="java.vm.version" value="20.0.1"/>
    <property name="sun.io.unicode.encoding" value="UnicodeBig"/>
    <property name="socksNonProxyHosts" value="local|*.local|169.254/16|*.169.254/16|lx.astxsvc.com|*.lx.astxsvc.com"/>
    <property name="java.class.version" value="64.0"/>
  </properties>
  <testcase name="contextLoads" classname="com.cos.photogramstart.PhotogramStartApplicationTests" time="0.046"/>
</testsuite>